<?xml version="1.0" encoding="UTF-8"?>
<Site BuildName="Linux-c++"
	BuildStamp="20250502-2113-Experimental"
	Name="fedora"
	Generator="ctest-3.31.6"
	CompilerName="/usr/bin/c++"
	CompilerVersion="15.1.1"
	OSName="Linux"
	Hostname="fedora"
	OSRelease="6.14.4-300.fc42.x86_64"
	OSVersion="#1 SMP PREEMPT_DYNAMIC Fri Apr 25 15:43:38 UTC 2025"
	OSPlatform="x86_64"
	Is64Bits="1"
	VendorString="GenuineIntel"
	VendorID="Intel Corporation"
	FamilyID="6"
	ModelID="78"
	ModelName="Intel(R) Core(TM) i5-6300U CPU @ 2.40GHz"
	ProcessorCacheSize="3072"
	NumberOfLogicalCPU="4"
	NumberOfPhysicalCPU="2"
	TotalVirtualMemory="8191"
	TotalPhysicalMemory="15839"
	LogicalProcessorsPerPhysical="2"
	ProcessorClockFrequency="2699.99"
	>
	<Testing>
		<StartDateTime>May 02 18:38 EDT</StartDateTime>
		<StartTestTime>1746225507</StartTestTime>
		<TestList/>
		<EndDateTime>May 02 18:38 EDT</EndDateTime>
		<EndTestTime>1746225507</EndTestTime>
		<ElapsedMinutes>0</ElapsedMinutes>
	</Testing>
</Site>
